{"/Users/sebailla/Documents/Proyectos/2025/budget/backend/src/server.ts": {"path":"/Users/sebailla/Documents/Proyectos/2025/budget/backend/src/server.ts","statementMap":{"0":{"start":{"line":1,"column":0},"end":{"line":1,"column":29}},"1":{"start":{"line":2,"column":0},"end":{"line":2,"column":27}},"2":{"start":{"line":3,"column":0},"end":{"line":3,"column":27}},"3":{"start":{"line":4,"column":0},"end":{"line":4,"column":29}},"4":{"start":{"line":5,"column":0},"end":{"line":5,"column":49}},"5":{"start":{"line":6,"column":0},"end":{"line":6,"column":45}},"6":{"start":{"line":10,"column":4},"end":{"line":17,"column":5}},"7":{"start":{"line":11,"column":8},"end":{"line":11,"column":null}},"8":{"start":{"line":12,"column":8},"end":{"line":12,"column":null}},"9":{"start":{"line":13,"column":8},"end":{"line":13,"column":null}},"10":{"start":{"line":15,"column":8},"end":{"line":15,"column":null}},"11":{"start":{"line":16,"column":8},"end":{"line":16,"column":null}},"12":{"start":{"line":20,"column":0},"end":{"line":20,"column":null}},"13":{"start":{"line":22,"column":12},"end":{"line":22,"column":21}},"14":{"start":{"line":24,"column":0},"end":{"line":24,"column":null}},"15":{"start":{"line":26,"column":0},"end":{"line":26,"column":null}},"16":{"start":{"line":30,"column":0},"end":{"line":30,"column":null}},"17":{"start":{"line":31,"column":0},"end":{"line":31,"column":null}},"18":{"start":{"line":33,"column":0},"end":{"line":33,"column":null}}},"fnMap":{"0":{"name":"connectDB","decl":{"start":{"line":8,"column":15},"end":{"line":8,"column":24}},"loc":{"start":{"line":8,"column":24},"end":{"line":18,"column":1}}}},"branchMap":{},"s":{"0":1,"1":1,"2":1,"3":1,"4":1,"5":1,"6":1,"7":1,"8":1,"9":1,"10":0,"11":0,"12":1,"13":1,"14":1,"15":1,"16":1,"17":1,"18":1},"f":{"0":1},"b":{}}
,"/Users/sebailla/Documents/Proyectos/2025/budget/backend/src/config/db.ts": {"path":"/Users/sebailla/Documents/Proyectos/2025/budget/backend/src/config/db.ts","statementMap":{"0":{"start":{"line":1,"column":0},"end":{"line":1,"column":22}},"1":{"start":{"line":2,"column":0},"end":{"line":2,"column":48}},"2":{"start":{"line":4,"column":13},"end":{"line":18,"column":null}}},"fnMap":{},"branchMap":{},"s":{"0":1,"1":1,"2":1},"f":{},"b":{}}
,"/Users/sebailla/Documents/Proyectos/2025/budget/backend/src/config/email.ts": {"path":"/Users/sebailla/Documents/Proyectos/2025/budget/backend/src/config/email.ts","statementMap":{"0":{"start":{"line":1,"column":0},"end":{"line":1,"column":35}},"1":{"start":{"line":2,"column":0},"end":{"line":2,"column":22}},"2":{"start":{"line":4,"column":13},"end":{"line":12,"column":null}}},"fnMap":{},"branchMap":{},"s":{"0":1,"1":1,"2":1},"f":{},"b":{}}
,"/Users/sebailla/Documents/Proyectos/2025/budget/backend/src/config/index.ts": {"path":"/Users/sebailla/Documents/Proyectos/2025/budget/backend/src/config/index.ts","statementMap":{"0":{"start":{"line":1,"column":0},"end":{"line":1,"column":20}},"1":{"start":{"line":2,"column":0},"end":{"line":2,"column":23}},"2":{"start":{"line":3,"column":0},"end":{"line":3,"column":25}}},"fnMap":{},"branchMap":{},"s":{"0":1,"1":1,"2":1},"f":{},"b":{}}
,"/Users/sebailla/Documents/Proyectos/2025/budget/backend/src/config/limiter.ts": {"path":"/Users/sebailla/Documents/Proyectos/2025/budget/backend/src/config/limiter.ts","statementMap":{"0":{"start":{"line":1,"column":0},"end":{"line":1,"column":46}},"1":{"start":{"line":3,"column":13},"end":{"line":7,"column":null}}},"fnMap":{},"branchMap":{"0":{"loc":{"start":{"line":5,"column":11},"end":{"line":5,"column":58}},"type":"cond-expr","locations":[{"start":{"line":5,"column":51},"end":{"line":5,"column":52}},{"start":{"line":5,"column":55},"end":{"line":5,"column":58}}]}},"s":{"0":1,"1":1},"f":{},"b":{"0":[0,1]}}
,"/Users/sebailla/Documents/Proyectos/2025/budget/backend/src/controllers/Auth.controller.ts": {"path":"/Users/sebailla/Documents/Proyectos/2025/budget/backend/src/controllers/Auth.controller.ts","statementMap":{"0":{"start":{"line":2,"column":0},"end":{"line":2,"column":22}},"1":{"start":{"line":3,"column":0},"end":{"line":3,"column":39}},"2":{"start":{"line":4,"column":0},"end":{"line":4,"column":84}},"3":{"start":{"line":5,"column":0},"end":{"line":5,"column":47}},"4":{"start":{"line":10,"column":22},"end":{"line":50,"column":5}},"5":{"start":{"line":12,"column":8},"end":{"line":47,"column":9}},"6":{"start":{"line":14,"column":31},"end":{"line":18,"column":14}},"7":{"start":{"line":20,"column":12},"end":{"line":23,"column":13}},"8":{"start":{"line":21,"column":30},"end":{"line":21,"column":62}},"9":{"start":{"line":22,"column":16},"end":{"line":22,"column":null}},"10":{"start":{"line":25,"column":28},"end":{"line":25,"column":55}},"11":{"start":{"line":26,"column":12},"end":{"line":26,"column":null}},"12":{"start":{"line":27,"column":12},"end":{"line":27,"column":null}},"13":{"start":{"line":30,"column":12},"end":{"line":32,"column":13}},"14":{"start":{"line":31,"column":16},"end":{"line":31,"column":null}},"15":{"start":{"line":34,"column":12},"end":{"line":34,"column":null}},"16":{"start":{"line":36,"column":12},"end":{"line":40,"column":null}},"17":{"start":{"line":42,"column":12},"end":{"line":42,"column":null}},"18":{"start":{"line":45,"column":12},"end":{"line":45,"column":null}},"19":{"start":{"line":46,"column":12},"end":{"line":46,"column":null}},"20":{"start":{"line":52,"column":28},"end":{"line":75,"column":5}},"21":{"start":{"line":53,"column":8},"end":{"line":74,"column":9}},"22":{"start":{"line":54,"column":30},"end":{"line":54,"column":38}},"23":{"start":{"line":55,"column":25},"end":{"line":59,"column":14}},"24":{"start":{"line":60,"column":12},"end":{"line":63,"column":13}},"25":{"start":{"line":61,"column":30},"end":{"line":61,"column":56}},"26":{"start":{"line":62,"column":16},"end":{"line":62,"column":null}},"27":{"start":{"line":65,"column":12},"end":{"line":65,"column":null}},"28":{"start":{"line":66,"column":12},"end":{"line":66,"column":null}},"29":{"start":{"line":67,"column":12},"end":{"line":67,"column":null}},"30":{"start":{"line":68,"column":12},"end":{"line":68,"column":null}},"31":{"start":{"line":70,"column":12},"end":{"line":70,"column":null}},"32":{"start":{"line":73,"column":12},"end":{"line":73,"column":null}},"33":{"start":{"line":77,"column":19},"end":{"line":110,"column":5}},"34":{"start":{"line":78,"column":8},"end":{"line":109,"column":9}},"35":{"start":{"line":80,"column":25},"end":{"line":84,"column":14}},"36":{"start":{"line":86,"column":12},"end":{"line":89,"column":13}},"37":{"start":{"line":87,"column":30},"end":{"line":87,"column":57}},"38":{"start":{"line":88,"column":16},"end":{"line":88,"column":null}},"39":{"start":{"line":91,"column":12},"end":{"line":94,"column":13}},"40":{"start":{"line":92,"column":30},"end":{"line":92,"column":62}},"41":{"start":{"line":93,"column":16},"end":{"line":93,"column":null}},"42":{"start":{"line":96,"column":34},"end":{"line":96,"column":89}},"43":{"start":{"line":98,"column":12},"end":{"line":101,"column":13}},"44":{"start":{"line":99,"column":30},"end":{"line":99,"column":59}},"45":{"start":{"line":100,"column":16},"end":{"line":100,"column":null}},"46":{"start":{"line":103,"column":26},"end":{"line":103,"column":46}},"47":{"start":{"line":105,"column":12},"end":{"line":105,"column":null}},"48":{"start":{"line":108,"column":12},"end":{"line":108,"column":null}},"49":{"start":{"line":112,"column":28},"end":{"line":141,"column":5}},"50":{"start":{"line":113,"column":8},"end":{"line":140,"column":9}},"51":{"start":{"line":115,"column":25},"end":{"line":119,"column":14}},"52":{"start":{"line":121,"column":12},"end":{"line":124,"column":13}},"53":{"start":{"line":122,"column":30},"end":{"line":122,"column":57}},"54":{"start":{"line":123,"column":16},"end":{"line":123,"column":null}},"55":{"start":{"line":126,"column":12},"end":{"line":126,"column":null}},"56":{"start":{"line":127,"column":12},"end":{"line":127,"column":null}},"57":{"start":{"line":129,"column":12},"end":{"line":133,"column":null}},"58":{"start":{"line":135,"column":12},"end":{"line":135,"column":null}},"59":{"start":{"line":139,"column":12},"end":{"line":139,"column":null}},"60":{"start":{"line":143,"column":27},"end":{"line":162,"column":5}},"61":{"start":{"line":144,"column":8},"end":{"line":161,"column":9}},"62":{"start":{"line":146,"column":32},"end":{"line":150,"column":14}},"63":{"start":{"line":152,"column":12},"end":{"line":155,"column":13}},"64":{"start":{"line":153,"column":30},"end":{"line":153,"column":56}},"65":{"start":{"line":154,"column":16},"end":{"line":154,"column":null}},"66":{"start":{"line":157,"column":12},"end":{"line":157,"column":null}},"67":{"start":{"line":160,"column":12},"end":{"line":160,"column":null}},"68":{"start":{"line":164,"column":36},"end":{"line":187,"column":5}},"69":{"start":{"line":165,"column":8},"end":{"line":186,"column":9}},"70":{"start":{"line":167,"column":25},"end":{"line":171,"column":14}},"71":{"start":{"line":173,"column":12},"end":{"line":176,"column":13}},"72":{"start":{"line":174,"column":30},"end":{"line":174,"column":56}},"73":{"start":{"line":175,"column":16},"end":{"line":175,"column":null}},"74":{"start":{"line":178,"column":12},"end":{"line":178,"column":null}},"75":{"start":{"line":179,"column":12},"end":{"line":179,"column":null}},"76":{"start":{"line":180,"column":12},"end":{"line":180,"column":null}},"77":{"start":{"line":182,"column":12},"end":{"line":182,"column":null}},"78":{"start":{"line":185,"column":12},"end":{"line":185,"column":null}},"79":{"start":{"line":189,"column":21},"end":{"line":193,"column":5}},"80":{"start":{"line":191,"column":8},"end":{"line":191,"column":null}},"81":{"start":{"line":195,"column":39},"end":{"line":220,"column":5}},"82":{"start":{"line":197,"column":51},"end":{"line":197,"column":59}},"83":{"start":{"line":198,"column":23},"end":{"line":198,"column":31}},"84":{"start":{"line":200,"column":8},"end":{"line":219,"column":9}},"85":{"start":{"line":202,"column":25},"end":{"line":202,"column":47}},"86":{"start":{"line":204,"column":29},"end":{"line":204,"column":83}},"87":{"start":{"line":206,"column":12},"end":{"line":209,"column":13}},"88":{"start":{"line":207,"column":30},"end":{"line":207,"column":67}},"89":{"start":{"line":208,"column":16},"end":{"line":208,"column":null}},"90":{"start":{"line":211,"column":12},"end":{"line":211,"column":null}},"91":{"start":{"line":212,"column":12},"end":{"line":212,"column":null}},"92":{"start":{"line":214,"column":12},"end":{"line":214,"column":null}},"93":{"start":{"line":218,"column":12},"end":{"line":218,"column":null}},"94":{"start":{"line":222,"column":27},"end":{"line":243,"column":5}},"95":{"start":{"line":224,"column":29},"end":{"line":224,"column":37}},"96":{"start":{"line":226,"column":8},"end":{"line":242,"column":9}},"97":{"start":{"line":228,"column":25},"end":{"line":228,"column":57}},"98":{"start":{"line":230,"column":34},"end":{"line":230,"column":80}},"99":{"start":{"line":232,"column":12},"end":{"line":235,"column":13}},"100":{"start":{"line":233,"column":30},"end":{"line":233,"column":59}},"101":{"start":{"line":234,"column":16},"end":{"line":234,"column":null}},"102":{"start":{"line":237,"column":12},"end":{"line":237,"column":null}},"103":{"start":{"line":241,"column":12},"end":{"line":241,"column":null}},"104":{"start":{"line":8,"column":0},"end":{"line":8,"column":13}}},"fnMap":{"0":{"name":"(anonymous_1)","decl":{"start":{"line":10,"column":22},"end":{"line":10,"column":27}},"loc":{"start":{"line":10,"column":60},"end":{"line":50,"column":5}}},"1":{"name":"(anonymous_2)","decl":{"start":{"line":52,"column":28},"end":{"line":52,"column":33}},"loc":{"start":{"line":52,"column":66},"end":{"line":75,"column":5}}},"2":{"name":"(anonymous_3)","decl":{"start":{"line":77,"column":19},"end":{"line":77,"column":24}},"loc":{"start":{"line":77,"column":57},"end":{"line":110,"column":5}}},"3":{"name":"(anonymous_4)","decl":{"start":{"line":112,"column":28},"end":{"line":112,"column":33}},"loc":{"start":{"line":112,"column":66},"end":{"line":141,"column":5}}},"4":{"name":"(anonymous_5)","decl":{"start":{"line":143,"column":27},"end":{"line":143,"column":32}},"loc":{"start":{"line":143,"column":65},"end":{"line":162,"column":5}}},"5":{"name":"(anonymous_6)","decl":{"start":{"line":164,"column":36},"end":{"line":164,"column":41}},"loc":{"start":{"line":164,"column":74},"end":{"line":187,"column":5}}},"6":{"name":"(anonymous_7)","decl":{"start":{"line":189,"column":21},"end":{"line":189,"column":26}},"loc":{"start":{"line":189,"column":59},"end":{"line":193,"column":5}}},"7":{"name":"(anonymous_8)","decl":{"start":{"line":195,"column":39},"end":{"line":195,"column":44}},"loc":{"start":{"line":195,"column":77},"end":{"line":220,"column":5}}},"8":{"name":"(anonymous_9)","decl":{"start":{"line":222,"column":27},"end":{"line":222,"column":32}},"loc":{"start":{"line":222,"column":65},"end":{"line":243,"column":5}}}},"branchMap":{"0":{"loc":{"start":{"line":20,"column":12},"end":{"line":23,"column":13}},"type":"if","locations":[{"start":{"line":20,"column":12},"end":{"line":23,"column":13}}]},"1":{"loc":{"start":{"line":30,"column":12},"end":{"line":32,"column":13}},"type":"if","locations":[{"start":{"line":30,"column":12},"end":{"line":32,"column":13}}]},"2":{"loc":{"start":{"line":60,"column":12},"end":{"line":63,"column":13}},"type":"if","locations":[{"start":{"line":60,"column":12},"end":{"line":63,"column":13}}]},"3":{"loc":{"start":{"line":86,"column":12},"end":{"line":89,"column":13}},"type":"if","locations":[{"start":{"line":86,"column":12},"end":{"line":89,"column":13}}]},"4":{"loc":{"start":{"line":91,"column":12},"end":{"line":94,"column":13}},"type":"if","locations":[{"start":{"line":91,"column":12},"end":{"line":94,"column":13}}]},"5":{"loc":{"start":{"line":98,"column":12},"end":{"line":101,"column":13}},"type":"if","locations":[{"start":{"line":98,"column":12},"end":{"line":101,"column":13}}]},"6":{"loc":{"start":{"line":121,"column":12},"end":{"line":124,"column":13}},"type":"if","locations":[{"start":{"line":121,"column":12},"end":{"line":124,"column":13}}]},"7":{"loc":{"start":{"line":152,"column":12},"end":{"line":155,"column":13}},"type":"if","locations":[{"start":{"line":152,"column":12},"end":{"line":155,"column":13}}]},"8":{"loc":{"start":{"line":173,"column":12},"end":{"line":176,"column":13}},"type":"if","locations":[{"start":{"line":173,"column":12},"end":{"line":176,"column":13}}]},"9":{"loc":{"start":{"line":206,"column":12},"end":{"line":209,"column":13}},"type":"if","locations":[{"start":{"line":206,"column":12},"end":{"line":209,"column":13}}]},"10":{"loc":{"start":{"line":232,"column":12},"end":{"line":235,"column":13}},"type":"if","locations":[{"start":{"line":232,"column":12},"end":{"line":235,"column":13}}]}},"s":{"0":2,"1":2,"2":2,"3":2,"4":2,"5":5,"6":5,"7":5,"8":3,"9":3,"10":2,"11":2,"12":2,"13":2,"14":2,"15":2,"16":2,"17":2,"18":0,"19":0,"20":2,"21":1,"22":1,"23":1,"24":1,"25":0,"26":0,"27":1,"28":1,"29":1,"30":1,"31":1,"32":0,"33":2,"34":14,"35":14,"36":14,"37":2,"38":2,"39":12,"40":3,"41":3,"42":9,"43":9,"44":2,"45":2,"46":7,"47":7,"48":0,"49":2,"50":0,"51":0,"52":0,"53":0,"54":0,"55":0,"56":0,"57":0,"58":0,"59":0,"60":2,"61":0,"62":0,"63":0,"64":0,"65":0,"66":0,"67":0,"68":2,"69":0,"70":0,"71":0,"72":0,"73":0,"74":0,"75":0,"76":0,"77":0,"78":0,"79":2,"80":0,"81":2,"82":0,"83":0,"84":0,"85":0,"86":0,"87":0,"88":0,"89":0,"90":0,"91":0,"92":0,"93":0,"94":2,"95":0,"96":0,"97":0,"98":0,"99":0,"100":0,"101":0,"102":0,"103":0,"104":2},"f":{"0":5,"1":1,"2":14,"3":0,"4":0,"5":0,"6":0,"7":0,"8":0},"b":{"0":[3],"1":[2],"2":[0],"3":[2],"4":[3],"5":[2],"6":[0],"7":[0],"8":[0],"9":[0],"10":[0]}}
,"/Users/sebailla/Documents/Proyectos/2025/budget/backend/src/controllers/Budget.controller.ts": {"path":"/Users/sebailla/Documents/Proyectos/2025/budget/backend/src/controllers/Budget.controller.ts","statementMap":{"0":{"start":{"line":2,"column":0},"end":{"line":2,"column":43}},"1":{"start":{"line":3,"column":0},"end":{"line":3,"column":45}},"2":{"start":{"line":7,"column":20},"end":{"line":22,"column":5}},"3":{"start":{"line":8,"column":8},"end":{"line":21,"column":9}},"4":{"start":{"line":9,"column":28},"end":{"line":15,"column":14}},"5":{"start":{"line":17,"column":12},"end":{"line":17,"column":null}},"6":{"start":{"line":20,"column":12},"end":{"line":20,"column":null}},"7":{"start":{"line":24,"column":20},"end":{"line":36,"column":5}},"8":{"start":{"line":26,"column":8},"end":{"line":35,"column":9}},"9":{"start":{"line":27,"column":27},"end":{"line":27,"column":56}},"10":{"start":{"line":28,"column":12},"end":{"line":28,"column":null}},"11":{"start":{"line":29,"column":12},"end":{"line":29,"column":null}},"12":{"start":{"line":31,"column":12},"end":{"line":31,"column":null}},"13":{"start":{"line":34,"column":12},"end":{"line":34,"column":null}},"14":{"start":{"line":38,"column":21},"end":{"line":46,"column":5}},"15":{"start":{"line":40,"column":23},"end":{"line":42,"column":10}},"16":{"start":{"line":44,"column":8},"end":{"line":44,"column":null}},"17":{"start":{"line":48,"column":20},"end":{"line":53,"column":5}},"18":{"start":{"line":50,"column":8},"end":{"line":50,"column":null}},"19":{"start":{"line":52,"column":8},"end":{"line":52,"column":null}},"20":{"start":{"line":55,"column":20},"end":{"line":60,"column":5}},"21":{"start":{"line":57,"column":8},"end":{"line":57,"column":null}},"22":{"start":{"line":59,"column":8},"end":{"line":59,"column":null}},"23":{"start":{"line":5,"column":0},"end":{"line":5,"column":13}}},"fnMap":{"0":{"name":"(anonymous_1)","decl":{"start":{"line":7,"column":20},"end":{"line":7,"column":25}},"loc":{"start":{"line":7,"column":58},"end":{"line":22,"column":5}}},"1":{"name":"(anonymous_2)","decl":{"start":{"line":24,"column":20},"end":{"line":24,"column":25}},"loc":{"start":{"line":24,"column":58},"end":{"line":36,"column":5}}},"2":{"name":"(anonymous_3)","decl":{"start":{"line":38,"column":21},"end":{"line":38,"column":26}},"loc":{"start":{"line":38,"column":59},"end":{"line":46,"column":5}}},"3":{"name":"(anonymous_4)","decl":{"start":{"line":48,"column":20},"end":{"line":48,"column":25}},"loc":{"start":{"line":48,"column":58},"end":{"line":53,"column":5}}},"4":{"name":"(anonymous_5)","decl":{"start":{"line":55,"column":20},"end":{"line":55,"column":25}},"loc":{"start":{"line":55,"column":58},"end":{"line":60,"column":5}}}},"branchMap":{},"s":{"0":2,"1":2,"2":2,"3":2,"4":2,"5":2,"6":0,"7":2,"8":4,"9":4,"10":2,"11":2,"12":2,"13":2,"14":2,"15":2,"16":2,"17":2,"18":2,"19":2,"20":2,"21":2,"22":2,"23":2},"f":{"0":2,"1":4,"2":2,"3":2,"4":2},"b":{}}
,"/Users/sebailla/Documents/Proyectos/2025/budget/backend/src/controllers/Expense.controller.ts": {"path":"/Users/sebailla/Documents/Proyectos/2025/budget/backend/src/controllers/Expense.controller.ts","statementMap":{"0":{"start":{"line":2,"column":0},"end":{"line":2,"column":45}},"1":{"start":{"line":7,"column":20},"end":{"line":23,"column":5}},"2":{"start":{"line":8,"column":8},"end":{"line":22,"column":9}},"3":{"start":{"line":9,"column":29},"end":{"line":16,"column":14}},"4":{"start":{"line":18,"column":12},"end":{"line":18,"column":null}},"5":{"start":{"line":21,"column":12},"end":{"line":21,"column":null}},"6":{"start":{"line":25,"column":20},"end":{"line":36,"column":5}},"7":{"start":{"line":26,"column":8},"end":{"line":35,"column":9}},"8":{"start":{"line":27,"column":28},"end":{"line":27,"column":58}},"9":{"start":{"line":28,"column":12},"end":{"line":28,"column":null}},"10":{"start":{"line":29,"column":12},"end":{"line":29,"column":null}},"11":{"start":{"line":31,"column":12},"end":{"line":31,"column":null}},"12":{"start":{"line":34,"column":12},"end":{"line":34,"column":null}},"13":{"start":{"line":38,"column":21},"end":{"line":40,"column":5}},"14":{"start":{"line":39,"column":8},"end":{"line":39,"column":null}},"15":{"start":{"line":42,"column":24},"end":{"line":46,"column":5}},"16":{"start":{"line":43,"column":8},"end":{"line":43,"column":null}},"17":{"start":{"line":45,"column":8},"end":{"line":45,"column":null}},"18":{"start":{"line":48,"column":24},"end":{"line":52,"column":5}},"19":{"start":{"line":49,"column":8},"end":{"line":49,"column":null}},"20":{"start":{"line":51,"column":8},"end":{"line":51,"column":null}},"21":{"start":{"line":5,"column":0},"end":{"line":5,"column":13}}},"fnMap":{"0":{"name":"(anonymous_1)","decl":{"start":{"line":7,"column":20},"end":{"line":7,"column":25}},"loc":{"start":{"line":7,"column":58},"end":{"line":23,"column":5}}},"1":{"name":"(anonymous_2)","decl":{"start":{"line":25,"column":20},"end":{"line":25,"column":25}},"loc":{"start":{"line":25,"column":58},"end":{"line":36,"column":5}}},"2":{"name":"(anonymous_3)","decl":{"start":{"line":38,"column":21},"end":{"line":38,"column":26}},"loc":{"start":{"line":38,"column":59},"end":{"line":40,"column":5}}},"3":{"name":"(anonymous_4)","decl":{"start":{"line":42,"column":24},"end":{"line":42,"column":29}},"loc":{"start":{"line":42,"column":62},"end":{"line":46,"column":5}}},"4":{"name":"(anonymous_5)","decl":{"start":{"line":48,"column":24},"end":{"line":48,"column":29}},"loc":{"start":{"line":48,"column":62},"end":{"line":52,"column":5}}}},"branchMap":{},"s":{"0":2,"1":2,"2":0,"3":0,"4":0,"5":0,"6":2,"7":2,"8":2,"9":1,"10":1,"11":1,"12":1,"13":2,"14":1,"15":2,"16":1,"17":1,"18":2,"19":1,"20":1,"21":2},"f":{"0":0,"1":2,"2":1,"3":1,"4":1},"b":{}}
,"/Users/sebailla/Documents/Proyectos/2025/budget/backend/src/emails/AuthEmail.ts": {"path":"/Users/sebailla/Documents/Proyectos/2025/budget/backend/src/emails/AuthEmail.ts","statementMap":{"0":{"start":{"line":2,"column":0},"end":{"line":2,"column":45}},"1":{"start":{"line":3,"column":0},"end":{"line":3,"column":22}},"2":{"start":{"line":9,"column":35},"end":{"line":23,"column":5}},"3":{"start":{"line":11,"column":22},"end":{"line":21,"column":10}},"4":{"start":{"line":25,"column":37},"end":{"line":39,"column":5}},"5":{"start":{"line":27,"column":22},"end":{"line":37,"column":10}},"6":{"start":{"line":8,"column":0},"end":{"line":8,"column":13}}},"fnMap":{"0":{"name":"(anonymous_0)","decl":{"start":{"line":9,"column":35},"end":{"line":9,"column":40}},"loc":{"start":{"line":9,"column":61},"end":{"line":23,"column":5}}},"1":{"name":"(anonymous_1)","decl":{"start":{"line":25,"column":37},"end":{"line":25,"column":42}},"loc":{"start":{"line":25,"column":63},"end":{"line":39,"column":5}}}},"branchMap":{},"s":{"0":1,"1":1,"2":1,"3":1,"4":1,"5":0,"6":1},"f":{"0":1,"1":0},"b":{}}
,"/Users/sebailla/Documents/Proyectos/2025/budget/backend/src/middlewares/auth.middleware.ts": {"path":"/Users/sebailla/Documents/Proyectos/2025/budget/backend/src/middlewares/auth.middleware.ts","statementMap":{"0":{"start":{"line":2,"column":0},"end":{"line":2,"column":36}},"1":{"start":{"line":3,"column":0},"end":{"line":3,"column":39}},"2":{"start":{"line":14,"column":32},"end":{"line":41,"column":1}},"3":{"start":{"line":16,"column":19},"end":{"line":16,"column":44}},"4":{"start":{"line":17,"column":4},"end":{"line":20,"column":5}},"5":{"start":{"line":18,"column":22},"end":{"line":18,"column":52}},"6":{"start":{"line":19,"column":8},"end":{"line":19,"column":null}},"7":{"start":{"line":22,"column":18},"end":{"line":22,"column":38}},"8":{"start":{"line":24,"column":4},"end":{"line":27,"column":5}},"9":{"start":{"line":25,"column":22},"end":{"line":25,"column":48}},"10":{"start":{"line":26,"column":8},"end":{"line":26,"column":null}},"11":{"start":{"line":29,"column":4},"end":{"line":40,"column":5}},"12":{"start":{"line":30,"column":24},"end":{"line":30,"column":40}},"13":{"start":{"line":31,"column":8},"end":{"line":36,"column":9}},"14":{"start":{"line":32,"column":12},"end":{"line":34,"column":null}},"15":{"start":{"line":35,"column":12},"end":{"line":35,"column":null}},"16":{"start":{"line":39,"column":8},"end":{"line":39,"column":null}},"17":{"start":{"line":14,"column":13},"end":{"line":14,"column":32}}},"fnMap":{"0":{"name":"(anonymous_1)","decl":{"start":{"line":14,"column":32},"end":{"line":14,"column":37}},"loc":{"start":{"line":14,"column":90},"end":{"line":41,"column":1}}}},"branchMap":{"0":{"loc":{"start":{"line":17,"column":4},"end":{"line":20,"column":5}},"type":"if","locations":[{"start":{"line":17,"column":4},"end":{"line":20,"column":5}}]},"1":{"loc":{"start":{"line":24,"column":4},"end":{"line":27,"column":5}},"type":"if","locations":[{"start":{"line":24,"column":4},"end":{"line":27,"column":5}}]},"2":{"loc":{"start":{"line":31,"column":8},"end":{"line":36,"column":9}},"type":"if","locations":[{"start":{"line":31,"column":8},"end":{"line":36,"column":9}}]},"3":{"loc":{"start":{"line":31,"column":12},"end":{"line":31,"column":53}},"type":"binary-expr","locations":[{"start":{"line":31,"column":12},"end":{"line":31,"column":39}},{"start":{"line":31,"column":43},"end":{"line":31,"column":53}}]}},"s":{"0":3,"1":3,"2":3,"3":16,"4":16,"5":5,"6":5,"7":11,"8":11,"9":0,"10":0,"11":11,"12":11,"13":10,"14":10,"15":10,"16":1,"17":3},"f":{"0":16},"b":{"0":[5],"1":[0],"2":[10],"3":[10,10]}}
,"/Users/sebailla/Documents/Proyectos/2025/budget/backend/src/middlewares/budget.middleware.ts": {"path":"/Users/sebailla/Documents/Proyectos/2025/budget/backend/src/middlewares/budget.middleware.ts","statementMap":{"0":{"start":{"line":2,"column":0},"end":{"line":2,"column":65}},"1":{"start":{"line":3,"column":0},"end":{"line":3,"column":43}},"2":{"start":{"line":14,"column":32},"end":{"line":28,"column":1}},"3":{"start":{"line":16,"column":4},"end":{"line":19,"column":null}},"4":{"start":{"line":18,"column":25},"end":{"line":18,"column":34}},"5":{"start":{"line":21,"column":17},"end":{"line":21,"column":38}},"6":{"start":{"line":23,"column":4},"end":{"line":25,"column":5}},"7":{"start":{"line":24,"column":8},"end":{"line":24,"column":null}},"8":{"start":{"line":27,"column":4},"end":{"line":27,"column":null}},"9":{"start":{"line":14,"column":13},"end":{"line":14,"column":32}},"10":{"start":{"line":31,"column":35},"end":{"line":54,"column":1}},"11":{"start":{"line":33,"column":4},"end":{"line":48,"column":5}},"12":{"start":{"line":34,"column":29},"end":{"line":34,"column":39}},"13":{"start":{"line":35,"column":23},"end":{"line":35,"column":54}},"14":{"start":{"line":37,"column":8},"end":{"line":40,"column":9}},"15":{"start":{"line":38,"column":26},"end":{"line":38,"column":55}},"16":{"start":{"line":39,"column":12},"end":{"line":39,"column":null}},"17":{"start":{"line":42,"column":8},"end":{"line":42,"column":null}},"18":{"start":{"line":44,"column":8},"end":{"line":44,"column":null}},"19":{"start":{"line":47,"column":8},"end":{"line":47,"column":null}},"20":{"start":{"line":50,"column":17},"end":{"line":50,"column":38}},"21":{"start":{"line":51,"column":4},"end":{"line":53,"column":5}},"22":{"start":{"line":52,"column":8},"end":{"line":52,"column":null}},"23":{"start":{"line":31,"column":13},"end":{"line":31,"column":35}},"24":{"start":{"line":57,"column":34},"end":{"line":69,"column":1}},"25":{"start":{"line":59,"column":4},"end":{"line":61,"column":null}},"26":{"start":{"line":62,"column":4},"end":{"line":66,"column":null}},"27":{"start":{"line":65,"column":25},"end":{"line":65,"column":34}},"28":{"start":{"line":68,"column":4},"end":{"line":68,"column":null}},"29":{"start":{"line":57,"column":13},"end":{"line":57,"column":34}},"30":{"start":{"line":71,"column":25},"end":{"line":79,"column":1}},"31":{"start":{"line":73,"column":4},"end":{"line":76,"column":5}},"32":{"start":{"line":74,"column":22},"end":{"line":74,"column":49}},"33":{"start":{"line":75,"column":8},"end":{"line":75,"column":null}},"34":{"start":{"line":78,"column":4},"end":{"line":78,"column":null}},"35":{"start":{"line":71,"column":13},"end":{"line":71,"column":25}}},"fnMap":{"0":{"name":"(anonymous_1)","decl":{"start":{"line":14,"column":32},"end":{"line":14,"column":37}},"loc":{"start":{"line":14,"column":90},"end":{"line":28,"column":1}}},"1":{"name":"(anonymous_2)","decl":{"start":{"line":18,"column":16},"end":{"line":18,"column":21}},"loc":{"start":{"line":18,"column":25},"end":{"line":18,"column":34}}},"2":{"name":"(anonymous_3)","decl":{"start":{"line":31,"column":35},"end":{"line":31,"column":40}},"loc":{"start":{"line":31,"column":93},"end":{"line":54,"column":1}}},"3":{"name":"(anonymous_4)","decl":{"start":{"line":57,"column":34},"end":{"line":57,"column":39}},"loc":{"start":{"line":57,"column":92},"end":{"line":69,"column":1}}},"4":{"name":"(anonymous_5)","decl":{"start":{"line":65,"column":16},"end":{"line":65,"column":21}},"loc":{"start":{"line":65,"column":25},"end":{"line":65,"column":34}}},"5":{"name":"(anonymous_6)","decl":{"start":{"line":71,"column":25},"end":{"line":71,"column":26}},"loc":{"start":{"line":71,"column":77},"end":{"line":79,"column":1}}}},"branchMap":{"0":{"loc":{"start":{"line":23,"column":4},"end":{"line":25,"column":5}},"type":"if","locations":[{"start":{"line":23,"column":4},"end":{"line":25,"column":5}}]},"1":{"loc":{"start":{"line":37,"column":8},"end":{"line":40,"column":9}},"type":"if","locations":[{"start":{"line":37,"column":8},"end":{"line":40,"column":9}}]},"2":{"loc":{"start":{"line":51,"column":4},"end":{"line":53,"column":5}},"type":"if","locations":[{"start":{"line":51,"column":4},"end":{"line":53,"column":5}}]},"3":{"loc":{"start":{"line":73,"column":4},"end":{"line":76,"column":5}},"type":"if","locations":[{"start":{"line":73,"column":4},"end":{"line":76,"column":5}}]}},"s":{"0":3,"1":3,"2":3,"3":6,"4":5,"5":6,"6":6,"7":1,"8":5,"9":3,"10":3,"11":7,"12":7,"13":7,"14":7,"15":3,"16":3,"17":4,"18":4,"19":0,"20":4,"21":4,"22":0,"23":3,"24":3,"25":3,"26":3,"27":3,"28":3,"29":3,"30":3,"31":6,"32":2,"33":2,"34":4,"35":3},"f":{"0":6,"1":5,"2":7,"3":3,"4":3,"5":6},"b":{"0":[1],"1":[3],"2":[0],"3":[2]}}
,"/Users/sebailla/Documents/Proyectos/2025/budget/backend/src/middlewares/expense.middleware.ts": {"path":"/Users/sebailla/Documents/Proyectos/2025/budget/backend/src/middlewares/expense.middleware.ts","statementMap":{"0":{"start":{"line":2,"column":0},"end":{"line":2,"column":65}},"1":{"start":{"line":3,"column":0},"end":{"line":3,"column":45}},"2":{"start":{"line":14,"column":36},"end":{"line":26,"column":1}},"3":{"start":{"line":16,"column":4},"end":{"line":18,"column":null}},"4":{"start":{"line":19,"column":4},"end":{"line":23,"column":null}},"5":{"start":{"line":22,"column":25},"end":{"line":22,"column":34}},"6":{"start":{"line":25,"column":4},"end":{"line":25,"column":null}},"7":{"start":{"line":14,"column":13},"end":{"line":14,"column":36}},"8":{"start":{"line":28,"column":34},"end":{"line":42,"column":1}},"9":{"start":{"line":30,"column":4},"end":{"line":34,"column":null}},"10":{"start":{"line":32,"column":25},"end":{"line":32,"column":34}},"11":{"start":{"line":36,"column":17},"end":{"line":36,"column":38}},"12":{"start":{"line":38,"column":4},"end":{"line":40,"column":5}},"13":{"start":{"line":39,"column":8},"end":{"line":39,"column":null}},"14":{"start":{"line":41,"column":4},"end":{"line":41,"column":null}},"15":{"start":{"line":28,"column":13},"end":{"line":28,"column":34}},"16":{"start":{"line":44,"column":36},"end":{"line":67,"column":1}},"17":{"start":{"line":46,"column":4},"end":{"line":61,"column":5}},"18":{"start":{"line":47,"column":30},"end":{"line":47,"column":40}},"19":{"start":{"line":48,"column":24},"end":{"line":48,"column":57}},"20":{"start":{"line":50,"column":8},"end":{"line":53,"column":9}},"21":{"start":{"line":51,"column":26},"end":{"line":51,"column":56}},"22":{"start":{"line":52,"column":12},"end":{"line":52,"column":null}},"23":{"start":{"line":55,"column":8},"end":{"line":55,"column":null}},"24":{"start":{"line":57,"column":8},"end":{"line":57,"column":null}},"25":{"start":{"line":60,"column":8},"end":{"line":60,"column":null}},"26":{"start":{"line":63,"column":17},"end":{"line":63,"column":38}},"27":{"start":{"line":64,"column":4},"end":{"line":66,"column":5}},"28":{"start":{"line":65,"column":8},"end":{"line":65,"column":null}},"29":{"start":{"line":44,"column":13},"end":{"line":44,"column":36}}},"fnMap":{"0":{"name":"(anonymous_1)","decl":{"start":{"line":14,"column":36},"end":{"line":14,"column":41}},"loc":{"start":{"line":14,"column":94},"end":{"line":26,"column":1}}},"1":{"name":"(anonymous_2)","decl":{"start":{"line":22,"column":16},"end":{"line":22,"column":21}},"loc":{"start":{"line":22,"column":25},"end":{"line":22,"column":34}}},"2":{"name":"(anonymous_3)","decl":{"start":{"line":28,"column":34},"end":{"line":28,"column":39}},"loc":{"start":{"line":28,"column":92},"end":{"line":42,"column":1}}},"3":{"name":"(anonymous_4)","decl":{"start":{"line":32,"column":16},"end":{"line":32,"column":21}},"loc":{"start":{"line":32,"column":25},"end":{"line":32,"column":34}}},"4":{"name":"(anonymous_5)","decl":{"start":{"line":44,"column":36},"end":{"line":44,"column":41}},"loc":{"start":{"line":44,"column":94},"end":{"line":67,"column":1}}}},"branchMap":{"0":{"loc":{"start":{"line":38,"column":4},"end":{"line":40,"column":5}},"type":"if","locations":[{"start":{"line":38,"column":4},"end":{"line":40,"column":5}}]},"1":{"loc":{"start":{"line":50,"column":8},"end":{"line":53,"column":9}},"type":"if","locations":[{"start":{"line":50,"column":8},"end":{"line":53,"column":9}}]},"2":{"loc":{"start":{"line":64,"column":4},"end":{"line":66,"column":5}},"type":"if","locations":[{"start":{"line":64,"column":4},"end":{"line":66,"column":5}}]}},"s":{"0":3,"1":3,"2":3,"3":0,"4":0,"5":0,"6":0,"7":3,"8":3,"9":0,"10":0,"11":0,"12":0,"13":0,"14":0,"15":3,"16":3,"17":3,"18":3,"19":3,"20":2,"21":1,"22":1,"23":1,"24":1,"25":1,"26":2,"27":2,"28":0,"29":3},"f":{"0":0,"1":0,"2":0,"3":0,"4":3},"b":{"0":[0],"1":[1],"2":[0]}}
,"/Users/sebailla/Documents/Proyectos/2025/budget/backend/src/middlewares/index.ts": {"path":"/Users/sebailla/Documents/Proyectos/2025/budget/backend/src/middlewares/index.ts","statementMap":{"0":{"start":{"line":1,"column":0},"end":{"line":1,"column":39}},"1":{"start":{"line":2,"column":0},"end":{"line":2,"column":35}},"2":{"start":{"line":3,"column":0},"end":{"line":3,"column":36}},"3":{"start":{"line":4,"column":0},"end":{"line":4,"column":33}}},"fnMap":{},"branchMap":{},"s":{"0":3,"1":3,"2":3,"3":3},"f":{},"b":{}}
,"/Users/sebailla/Documents/Proyectos/2025/budget/backend/src/middlewares/validation.middleware.ts": {"path":"/Users/sebailla/Documents/Proyectos/2025/budget/backend/src/middlewares/validation.middleware.ts","statementMap":{"0":{"start":{"line":2,"column":0},"end":{"line":2,"column":52}},"1":{"start":{"line":4,"column":33},"end":{"line":10,"column":1}},"2":{"start":{"line":5,"column":17},"end":{"line":5,"column":38}},"3":{"start":{"line":6,"column":4},"end":{"line":8,"column":5}},"4":{"start":{"line":7,"column":8},"end":{"line":7,"column":null}},"5":{"start":{"line":9,"column":4},"end":{"line":9,"column":null}},"6":{"start":{"line":4,"column":13},"end":{"line":4,"column":33}}},"fnMap":{"0":{"name":"(anonymous_0)","decl":{"start":{"line":4,"column":33},"end":{"line":4,"column":34}},"loc":{"start":{"line":4,"column":85},"end":{"line":10,"column":1}}}},"branchMap":{"0":{"loc":{"start":{"line":6,"column":4},"end":{"line":8,"column":5}},"type":"if","locations":[{"start":{"line":6,"column":4},"end":{"line":8,"column":5}}]}},"s":{"0":3,"1":3,"2":23,"3":23,"4":7,"5":16,"6":3},"f":{"0":23},"b":{"0":[7]}}
,"/Users/sebailla/Documents/Proyectos/2025/budget/backend/src/models/Budget.model.ts": {"path":"/Users/sebailla/Documents/Proyectos/2025/budget/backend/src/models/Budget.model.ts","statementMap":{"0":{"start":{"line":2,"column":0},"end":{"line":2,"column":113}},"1":{"start":{"line":3,"column":0},"end":{"line":3,"column":38}},"2":{"start":{"line":4,"column":0},"end":{"line":4,"column":32}},"3":{"start":{"line":13,"column":0},"end":{"line":37,"column":null}},"4":{"start":{"line":18,"column":12},"end":{"line":18,"column":null}},"5":{"start":{"line":24,"column":12},"end":{"line":24,"column":null}},"6":{"start":{"line":30,"column":12},"end":{"line":30,"column":null}},"7":{"start":{"line":26,"column":19},"end":{"line":26,"column":26}},"8":{"start":{"line":33,"column":12},"end":{"line":33,"column":null}},"9":{"start":{"line":32,"column":22},"end":{"line":32,"column":26}},"10":{"start":{"line":36,"column":12},"end":{"line":36,"column":null}},"11":{"start":{"line":35,"column":21},"end":{"line":35,"column":25}},"12":{"start":{"line":13,"column":6},"end":{"line":37,"column":null}},"13":{"start":{"line":39,"column":0},"end":{"line":39,"column":null}}},"fnMap":{"0":{"name":"(anonymous_3)","decl":{"start":{"line":26,"column":13},"end":{"line":26,"column":16}},"loc":{"start":{"line":26,"column":19},"end":{"line":26,"column":26}}},"1":{"name":"(anonymous_4)","decl":{"start":{"line":32,"column":16},"end":{"line":32,"column":19}},"loc":{"start":{"line":32,"column":22},"end":{"line":32,"column":26}}},"2":{"name":"(anonymous_5)","decl":{"start":{"line":35,"column":15},"end":{"line":35,"column":18}},"loc":{"start":{"line":35,"column":21},"end":{"line":35,"column":25}}}},"branchMap":{},"s":{"0":2,"1":2,"2":2,"3":2,"4":2,"5":2,"6":2,"7":3,"8":2,"9":2,"10":2,"11":3,"12":2,"13":2},"f":{"0":3,"1":2,"2":3},"b":{}}
,"/Users/sebailla/Documents/Proyectos/2025/budget/backend/src/models/Expense.model.ts": {"path":"/Users/sebailla/Documents/Proyectos/2025/budget/backend/src/models/Expense.model.ts","statementMap":{"0":{"start":{"line":1,"column":0},"end":{"line":1,"column":103}},"1":{"start":{"line":2,"column":0},"end":{"line":2,"column":35}},"2":{"start":{"line":8,"column":0},"end":{"line":26,"column":null}},"3":{"start":{"line":13,"column":12},"end":{"line":13,"column":null}},"4":{"start":{"line":19,"column":12},"end":{"line":19,"column":null}},"5":{"start":{"line":22,"column":12},"end":{"line":22,"column":null}},"6":{"start":{"line":21,"column":22},"end":{"line":21,"column":28}},"7":{"start":{"line":25,"column":12},"end":{"line":25,"column":null}},"8":{"start":{"line":24,"column":21},"end":{"line":24,"column":27}},"9":{"start":{"line":8,"column":6},"end":{"line":26,"column":null}},"10":{"start":{"line":28,"column":0},"end":{"line":28,"column":null}}},"fnMap":{"0":{"name":"(anonymous_3)","decl":{"start":{"line":21,"column":16},"end":{"line":21,"column":19}},"loc":{"start":{"line":21,"column":22},"end":{"line":21,"column":28}}},"1":{"name":"(anonymous_4)","decl":{"start":{"line":24,"column":15},"end":{"line":24,"column":18}},"loc":{"start":{"line":24,"column":21},"end":{"line":24,"column":27}}}},"branchMap":{},"s":{"0":3,"1":3,"2":3,"3":3,"4":3,"5":3,"6":2,"7":3,"8":2,"9":3,"10":3},"f":{"0":2,"1":2},"b":{}}
,"/Users/sebailla/Documents/Proyectos/2025/budget/backend/src/models/User.model.ts": {"path":"/Users/sebailla/Documents/Proyectos/2025/budget/backend/src/models/User.model.ts","statementMap":{"0":{"start":{"line":1,"column":0},"end":{"line":1,"column":107}},"1":{"start":{"line":2,"column":0},"end":{"line":2,"column":36}},"2":{"start":{"line":9,"column":0},"end":{"line":51,"column":null}},"3":{"start":{"line":14,"column":12},"end":{"line":14,"column":null}},"4":{"start":{"line":21,"column":12},"end":{"line":21,"column":null}},"5":{"start":{"line":27,"column":12},"end":{"line":27,"column":null}},"6":{"start":{"line":32,"column":12},"end":{"line":32,"column":null}},"7":{"start":{"line":38,"column":12},"end":{"line":38,"column":null}},"8":{"start":{"line":44,"column":12},"end":{"line":44,"column":null}},"9":{"start":{"line":50,"column":12},"end":{"line":50,"column":null}},"10":{"start":{"line":46,"column":19},"end":{"line":46,"column":25}},"11":{"start":{"line":9,"column":6},"end":{"line":51,"column":null}},"12":{"start":{"line":53,"column":0},"end":{"line":53,"column":null}}},"fnMap":{"0":{"name":"(anonymous_3)","decl":{"start":{"line":46,"column":13},"end":{"line":46,"column":16}},"loc":{"start":{"line":46,"column":19},"end":{"line":46,"column":25}}}},"branchMap":{},"s":{"0":3,"1":3,"2":3,"3":3,"4":3,"5":3,"6":3,"7":3,"8":3,"9":3,"10":2,"11":3,"12":3},"f":{"0":2},"b":{}}
,"/Users/sebailla/Documents/Proyectos/2025/budget/backend/src/router/auth.router.ts": {"path":"/Users/sebailla/Documents/Proyectos/2025/budget/backend/src/router/auth.router.ts","statementMap":{"0":{"start":{"line":1,"column":0},"end":{"line":1,"column":32}},"1":{"start":{"line":2,"column":0},"end":{"line":2,"column":63}},"2":{"start":{"line":3,"column":0},"end":{"line":3,"column":47}},"3":{"start":{"line":4,"column":0},"end":{"line":4,"column":68}},"4":{"start":{"line":5,"column":0},"end":{"line":5,"column":35}},"5":{"start":{"line":8,"column":15},"end":{"line":8,"column":23}},"6":{"start":{"line":17,"column":0},"end":{"line":25,"column":null}},"7":{"start":{"line":27,"column":0},"end":{"line":37,"column":null}},"8":{"start":{"line":39,"column":0},"end":{"line":44,"column":null}},"9":{"start":{"line":46,"column":0},"end":{"line":52,"column":null}},"10":{"start":{"line":54,"column":0},"end":{"line":60,"column":null}},"11":{"start":{"line":62,"column":0},"end":{"line":70,"column":null}},"12":{"start":{"line":72,"column":0},"end":{"line":80,"column":null}},"13":{"start":{"line":82,"column":0},"end":{"line":87,"column":null}},"14":{"start":{"line":89,"column":0},"end":{"line":91,"column":null}},"15":{"start":{"line":96,"column":0},"end":{"line":96,"column":null}}},"fnMap":{},"branchMap":{},"s":{"0":1,"1":1,"2":1,"3":1,"4":1,"5":1,"6":1,"7":1,"8":1,"9":1,"10":1,"11":1,"12":1,"13":1,"14":1,"15":1},"f":{},"b":{}}
,"/Users/sebailla/Documents/Proyectos/2025/budget/backend/src/router/budget.router.ts": {"path":"/Users/sebailla/Documents/Proyectos/2025/budget/backend/src/router/budget.router.ts","statementMap":{"0":{"start":{"line":1,"column":0},"end":{"line":1,"column":32}},"1":{"start":{"line":2,"column":0},"end":{"line":2,"column":67}},"2":{"start":{"line":3,"column":0},"end":{"line":3,"column":202}},"3":{"start":{"line":4,"column":0},"end":{"line":4,"column":69}},"4":{"start":{"line":6,"column":15},"end":{"line":6,"column":23}},"5":{"start":{"line":11,"column":0},"end":{"line":11,"column":29}},"6":{"start":{"line":13,"column":0},"end":{"line":13,"column":null}},"7":{"start":{"line":14,"column":0},"end":{"line":14,"column":null}},"8":{"start":{"line":15,"column":0},"end":{"line":15,"column":null}},"9":{"start":{"line":17,"column":0},"end":{"line":17,"column":null}},"10":{"start":{"line":18,"column":0},"end":{"line":18,"column":null}},"11":{"start":{"line":25,"column":0},"end":{"line":25,"column":null}},"12":{"start":{"line":27,"column":0},"end":{"line":27,"column":null}},"13":{"start":{"line":29,"column":0},"end":{"line":32,"column":null}},"14":{"start":{"line":34,"column":0},"end":{"line":37,"column":null}},"15":{"start":{"line":39,"column":0},"end":{"line":39,"column":null}},"16":{"start":{"line":44,"column":0},"end":{"line":44,"column":null}},"17":{"start":{"line":46,"column":0},"end":{"line":46,"column":null}},"18":{"start":{"line":48,"column":0},"end":{"line":51,"column":null}},"19":{"start":{"line":53,"column":0},"end":{"line":56,"column":null}},"20":{"start":{"line":58,"column":0},"end":{"line":58,"column":null}},"21":{"start":{"line":62,"column":0},"end":{"line":62,"column":null}}},"fnMap":{},"branchMap":{},"s":{"0":1,"1":1,"2":1,"3":1,"4":1,"5":1,"6":1,"7":1,"8":1,"9":1,"10":1,"11":1,"12":1,"13":1,"14":1,"15":1,"16":1,"17":1,"18":1,"19":1,"20":1,"21":1},"f":{},"b":{}}
,"/Users/sebailla/Documents/Proyectos/2025/budget/backend/src/tests/mocks/budgets.mocks.ts": {"path":"/Users/sebailla/Documents/Proyectos/2025/budget/backend/src/tests/mocks/budgets.mocks.ts","statementMap":{"0":{"start":{"line":13,"column":13},"end":{"line":83,"column":2}}},"fnMap":{},"branchMap":{},"s":{"0":3},"f":{},"b":{}}
,"/Users/sebailla/Documents/Proyectos/2025/budget/backend/src/tests/mocks/expenses.ts": {"path":"/Users/sebailla/Documents/Proyectos/2025/budget/backend/src/tests/mocks/expenses.ts","statementMap":{"0":{"start":{"line":1,"column":13},"end":{"line":26,"column":null}}},"fnMap":{},"branchMap":{},"s":{"0":2},"f":{},"b":{}}
,"/Users/sebailla/Documents/Proyectos/2025/budget/backend/src/utils/auth.ts": {"path":"/Users/sebailla/Documents/Proyectos/2025/budget/backend/src/utils/auth.ts","statementMap":{"0":{"start":{"line":1,"column":0},"end":{"line":1,"column":29}},"1":{"start":{"line":3,"column":28},"end":{"line":7,"column":1}},"2":{"start":{"line":4,"column":17},"end":{"line":4,"column":41}},"3":{"start":{"line":5,"column":4},"end":{"line":5,"column":null}},"4":{"start":{"line":3,"column":13},"end":{"line":3,"column":28}},"5":{"start":{"line":9,"column":31},"end":{"line":11,"column":1}},"6":{"start":{"line":10,"column":4},"end":{"line":10,"column":null}},"7":{"start":{"line":9,"column":13},"end":{"line":9,"column":31}}},"fnMap":{"0":{"name":"(anonymous_1)","decl":{"start":{"line":3,"column":28},"end":{"line":3,"column":33}},"loc":{"start":{"line":3,"column":55},"end":{"line":7,"column":1}}},"1":{"name":"(anonymous_2)","decl":{"start":{"line":9,"column":31},"end":{"line":9,"column":36}},"loc":{"start":{"line":9,"column":72},"end":{"line":11,"column":1}}}},"branchMap":{},"s":{"0":3,"1":3,"2":1,"3":1,"4":3,"5":3,"6":5,"7":3},"f":{"0":1,"1":5},"b":{}}
,"/Users/sebailla/Documents/Proyectos/2025/budget/backend/src/utils/index.ts": {"path":"/Users/sebailla/Documents/Proyectos/2025/budget/backend/src/utils/index.ts","statementMap":{"0":{"start":{"line":1,"column":0},"end":{"line":1,"column":22}},"1":{"start":{"line":2,"column":0},"end":{"line":2,"column":21}},"2":{"start":{"line":3,"column":0},"end":{"line":3,"column":23}}},"fnMap":{},"branchMap":{},"s":{"0":3,"1":3,"2":3},"f":{},"b":{}}
,"/Users/sebailla/Documents/Proyectos/2025/budget/backend/src/utils/jwt.ts": {"path":"/Users/sebailla/Documents/Proyectos/2025/budget/backend/src/utils/jwt.ts","statementMap":{"0":{"start":{"line":1,"column":0},"end":{"line":1,"column":30}},"1":{"start":{"line":2,"column":0},"end":{"line":2,"column":22}},"2":{"start":{"line":4,"column":27},"end":{"line":10,"column":1}},"3":{"start":{"line":6,"column":18},"end":{"line":8,"column":6}},"4":{"start":{"line":9,"column":4},"end":{"line":9,"column":null}},"5":{"start":{"line":4,"column":13},"end":{"line":4,"column":27}},"6":{"start":{"line":12,"column":25},"end":{"line":17,"column":1}},"7":{"start":{"line":14,"column":19},"end":{"line":14,"column":60}},"8":{"start":{"line":15,"column":4},"end":{"line":15,"column":null}},"9":{"start":{"line":12,"column":13},"end":{"line":12,"column":25}}},"fnMap":{"0":{"name":"(anonymous_1)","decl":{"start":{"line":4,"column":27},"end":{"line":4,"column":28}},"loc":{"start":{"line":4,"column":49},"end":{"line":10,"column":1}}},"1":{"name":"(anonymous_2)","decl":{"start":{"line":12,"column":25},"end":{"line":12,"column":26}},"loc":{"start":{"line":12,"column":42},"end":{"line":17,"column":1}}}},"branchMap":{},"s":{"0":3,"1":3,"2":3,"3":5,"4":5,"5":3,"6":3,"7":11,"8":10,"9":3},"f":{"0":5,"1":11},"b":{}}
,"/Users/sebailla/Documents/Proyectos/2025/budget/backend/src/utils/token.ts": {"path":"/Users/sebailla/Documents/Proyectos/2025/budget/backend/src/utils/token.ts","statementMap":{"0":{"start":{"line":2,"column":29},"end":{"line":4,"column":1}},"1":{"start":{"line":3,"column":4},"end":{"line":3,"column":null}},"2":{"start":{"line":2,"column":13},"end":{"line":2,"column":29}}},"fnMap":{"0":{"name":"(anonymous_0)","decl":{"start":{"line":2,"column":29},"end":{"line":2,"column":32}},"loc":{"start":{"line":2,"column":34},"end":{"line":4,"column":1}}}},"branchMap":{},"s":{"0":3,"1":1,"2":3},"f":{"0":1},"b":{}}
}
