TN:
SF:src/server.ts
FN:8,connectDB
FNF:1
FNH:1
FNDA:1,connectDB
DA:1,1
DA:2,1
DA:3,1
DA:4,1
DA:5,1
DA:6,1
DA:10,1
DA:11,1
DA:12,1
DA:13,1
DA:15,0
DA:16,0
DA:20,1
DA:22,1
DA:24,1
DA:26,1
DA:30,1
DA:31,1
DA:33,1
LF:19
LH:17
BRF:0
BRH:0
end_of_record
TN:
SF:src/config/db.ts
FNF:0
FNH:0
DA:1,1
DA:2,1
DA:4,1
LF:3
LH:3
BRF:0
BRH:0
end_of_record
TN:
SF:src/config/email.ts
FNF:0
FNH:0
DA:1,1
DA:2,1
DA:4,1
LF:3
LH:3
BRF:0
BRH:0
end_of_record
TN:
SF:src/config/index.ts
FNF:0
FNH:0
DA:1,1
DA:2,1
DA:3,1
LF:3
LH:3
BRF:0
BRH:0
end_of_record
TN:
SF:src/config/limiter.ts
FNF:0
FNH:0
DA:1,1
DA:3,1
LF:2
LH:2
BRDA:5,0,0,0
BRDA:5,0,1,1
BRF:2
BRH:1
end_of_record
TN:
SF:src/controllers/Auth.controller.ts
FN:10,(anonymous_1)
FN:52,(anonymous_2)
FN:77,(anonymous_3)
FN:112,(anonymous_4)
FN:143,(anonymous_5)
FN:164,(anonymous_6)
FN:189,(anonymous_7)
FN:195,(anonymous_8)
FN:222,(anonymous_9)
FNF:9
FNH:3
FNDA:5,(anonymous_1)
FNDA:1,(anonymous_2)
FNDA:14,(anonymous_3)
FNDA:0,(anonymous_4)
FNDA:0,(anonymous_5)
FNDA:0,(anonymous_6)
FNDA:0,(anonymous_7)
FNDA:0,(anonymous_8)
FNDA:0,(anonymous_9)
DA:2,2
DA:3,2
DA:4,2
DA:5,2
DA:8,2
DA:10,2
DA:12,5
DA:14,5
DA:20,5
DA:21,3
DA:22,3
DA:25,2
DA:26,2
DA:27,2
DA:30,2
DA:31,2
DA:34,2
DA:36,2
DA:42,2
DA:45,0
DA:46,0
DA:52,2
DA:53,1
DA:54,1
DA:55,1
DA:60,1
DA:61,0
DA:62,0
DA:65,1
DA:66,1
DA:67,1
DA:68,1
DA:70,1
DA:73,0
DA:77,2
DA:78,14
DA:80,14
DA:86,14
DA:87,2
DA:88,2
DA:91,12
DA:92,3
DA:93,3
DA:96,9
DA:98,9
DA:99,2
DA:100,2
DA:103,7
DA:105,7
DA:108,0
DA:112,2
DA:113,0
DA:115,0
DA:121,0
DA:122,0
DA:123,0
DA:126,0
DA:127,0
DA:129,0
DA:135,0
DA:139,0
DA:143,2
DA:144,0
DA:146,0
DA:152,0
DA:153,0
DA:154,0
DA:157,0
DA:160,0
DA:164,2
DA:165,0
DA:167,0
DA:173,0
DA:174,0
DA:175,0
DA:178,0
DA:179,0
DA:180,0
DA:182,0
DA:185,0
DA:189,2
DA:191,0
DA:195,2
DA:197,0
DA:198,0
DA:200,0
DA:202,0
DA:204,0
DA:206,0
DA:207,0
DA:208,0
DA:211,0
DA:212,0
DA:214,0
DA:218,0
DA:222,2
DA:224,0
DA:226,0
DA:228,0
DA:230,0
DA:232,0
DA:233,0
DA:234,0
DA:237,0
DA:241,0
LF:105
LH:50
BRDA:20,0,0,3
BRDA:30,1,0,2
BRDA:60,2,0,0
BRDA:86,3,0,2
BRDA:91,4,0,3
BRDA:98,5,0,2
BRDA:121,6,0,0
BRDA:152,7,0,0
BRDA:173,8,0,0
BRDA:206,9,0,0
BRDA:232,10,0,0
BRF:11
BRH:5
end_of_record
TN:
SF:src/controllers/Budget.controller.ts
FN:7,(anonymous_1)
FN:24,(anonymous_2)
FN:38,(anonymous_3)
FN:48,(anonymous_4)
FN:55,(anonymous_5)
FNF:5
FNH:5
FNDA:2,(anonymous_1)
FNDA:4,(anonymous_2)
FNDA:2,(anonymous_3)
FNDA:2,(anonymous_4)
FNDA:2,(anonymous_5)
DA:2,2
DA:3,2
DA:5,2
DA:7,2
DA:8,2
DA:9,2
DA:17,2
DA:20,0
DA:24,2
DA:26,4
DA:27,4
DA:28,2
DA:29,2
DA:31,2
DA:34,2
DA:38,2
DA:40,2
DA:44,2
DA:48,2
DA:50,2
DA:52,2
DA:55,2
DA:57,2
DA:59,2
LF:24
LH:23
BRF:0
BRH:0
end_of_record
TN:
SF:src/controllers/Expense.controller.ts
FN:7,(anonymous_1)
FN:25,(anonymous_2)
FN:38,(anonymous_3)
FN:42,(anonymous_4)
FN:48,(anonymous_5)
FNF:5
FNH:4
FNDA:0,(anonymous_1)
FNDA:2,(anonymous_2)
FNDA:1,(anonymous_3)
FNDA:1,(anonymous_4)
FNDA:1,(anonymous_5)
DA:2,2
DA:5,2
DA:7,2
DA:8,0
DA:9,0
DA:18,0
DA:21,0
DA:25,2
DA:26,2
DA:27,2
DA:28,1
DA:29,1
DA:31,1
DA:34,1
DA:38,2
DA:39,1
DA:42,2
DA:43,1
DA:45,1
DA:48,2
DA:49,1
DA:51,1
LF:22
LH:18
BRF:0
BRH:0
end_of_record
TN:
SF:src/emails/AuthEmail.ts
FN:9,(anonymous_0)
FN:25,(anonymous_1)
FNF:2
FNH:1
FNDA:1,(anonymous_0)
FNDA:0,(anonymous_1)
DA:2,1
DA:3,1
DA:8,1
DA:9,1
DA:11,1
DA:25,1
DA:27,0
LF:7
LH:6
BRF:0
BRH:0
end_of_record
TN:
SF:src/middlewares/auth.middleware.ts
FN:14,(anonymous_1)
FNF:1
FNH:1
FNDA:16,(anonymous_1)
DA:2,3
DA:3,3
DA:14,3
DA:16,16
DA:17,16
DA:18,5
DA:19,5
DA:22,11
DA:24,11
DA:25,0
DA:26,0
DA:29,11
DA:30,11
DA:31,10
DA:32,10
DA:35,10
DA:39,1
LF:17
LH:15
BRDA:17,0,0,5
BRDA:24,1,0,0
BRDA:31,2,0,10
BRDA:31,3,0,10
BRDA:31,3,1,10
BRF:5
BRH:4
end_of_record
TN:
SF:src/middlewares/budget.middleware.ts
FN:14,(anonymous_1)
FN:18,(anonymous_2)
FN:31,(anonymous_3)
FN:57,(anonymous_4)
FN:65,(anonymous_5)
FN:71,(anonymous_6)
FNF:6
FNH:6
FNDA:6,(anonymous_1)
FNDA:5,(anonymous_2)
FNDA:7,(anonymous_3)
FNDA:3,(anonymous_4)
FNDA:3,(anonymous_5)
FNDA:6,(anonymous_6)
DA:2,3
DA:3,3
DA:14,3
DA:16,6
DA:18,5
DA:21,6
DA:23,6
DA:24,1
DA:27,5
DA:31,3
DA:33,7
DA:34,7
DA:35,7
DA:37,7
DA:38,3
DA:39,3
DA:42,4
DA:44,4
DA:47,0
DA:50,4
DA:51,4
DA:52,0
DA:57,3
DA:59,3
DA:62,3
DA:65,3
DA:68,3
DA:71,3
DA:73,6
DA:74,2
DA:75,2
DA:78,4
LF:32
LH:30
BRDA:23,0,0,1
BRDA:37,1,0,3
BRDA:51,2,0,0
BRDA:73,3,0,2
BRF:4
BRH:3
end_of_record
TN:
SF:src/middlewares/expense.middleware.ts
FN:14,(anonymous_1)
FN:22,(anonymous_2)
FN:28,(anonymous_3)
FN:32,(anonymous_4)
FN:44,(anonymous_5)
FNF:5
FNH:1
FNDA:0,(anonymous_1)
FNDA:0,(anonymous_2)
FNDA:0,(anonymous_3)
FNDA:0,(anonymous_4)
FNDA:3,(anonymous_5)
DA:2,3
DA:3,3
DA:14,3
DA:16,0
DA:19,0
DA:22,0
DA:25,0
DA:28,3
DA:30,0
DA:32,0
DA:36,0
DA:38,0
DA:39,0
DA:41,0
DA:44,3
DA:46,3
DA:47,3
DA:48,3
DA:50,2
DA:51,1
DA:52,1
DA:55,1
DA:57,1
DA:60,1
DA:63,2
DA:64,2
DA:65,0
LF:27
LH:16
BRDA:38,0,0,0
BRDA:50,1,0,1
BRDA:64,2,0,0
BRF:3
BRH:1
end_of_record
TN:
SF:src/middlewares/index.ts
FNF:0
FNH:0
DA:1,3
DA:2,3
DA:3,3
DA:4,3
LF:4
LH:4
BRF:0
BRH:0
end_of_record
TN:
SF:src/middlewares/validation.middleware.ts
FN:4,(anonymous_0)
FNF:1
FNH:1
FNDA:23,(anonymous_0)
DA:2,3
DA:4,3
DA:5,23
DA:6,23
DA:7,7
DA:9,16
LF:6
LH:6
BRDA:6,0,0,7
BRF:1
BRH:1
end_of_record
TN:
SF:src/models/Budget.model.ts
FN:26,(anonymous_3)
FN:32,(anonymous_4)
FN:35,(anonymous_5)
FNF:3
FNH:3
FNDA:3,(anonymous_3)
FNDA:2,(anonymous_4)
FNDA:3,(anonymous_5)
DA:2,2
DA:3,2
DA:4,2
DA:13,2
DA:18,2
DA:24,2
DA:26,3
DA:30,2
DA:32,2
DA:33,2
DA:35,3
DA:36,2
DA:39,2
LF:13
LH:13
BRF:0
BRH:0
end_of_record
TN:
SF:src/models/Expense.model.ts
FN:21,(anonymous_3)
FN:24,(anonymous_4)
FNF:2
FNH:2
FNDA:2,(anonymous_3)
FNDA:2,(anonymous_4)
DA:1,3
DA:2,3
DA:8,3
DA:13,3
DA:19,3
DA:21,2
DA:22,3
DA:24,2
DA:25,3
DA:28,3
LF:10
LH:10
BRF:0
BRH:0
end_of_record
TN:
SF:src/models/User.model.ts
FN:46,(anonymous_3)
FNF:1
FNH:1
FNDA:2,(anonymous_3)
DA:1,3
DA:2,3
DA:9,3
DA:14,3
DA:21,3
DA:27,3
DA:32,3
DA:38,3
DA:44,3
DA:46,2
DA:50,3
DA:53,3
LF:12
LH:12
BRF:0
BRH:0
end_of_record
TN:
SF:src/router/auth.router.ts
FNF:0
FNH:0
DA:1,1
DA:2,1
DA:3,1
DA:4,1
DA:5,1
DA:8,1
DA:17,1
DA:27,1
DA:39,1
DA:46,1
DA:54,1
DA:62,1
DA:72,1
DA:82,1
DA:89,1
DA:96,1
LF:16
LH:16
BRF:0
BRH:0
end_of_record
TN:
SF:src/router/budget.router.ts
FNF:0
FNH:0
DA:1,1
DA:2,1
DA:3,1
DA:4,1
DA:6,1
DA:11,1
DA:13,1
DA:14,1
DA:15,1
DA:17,1
DA:18,1
DA:25,1
DA:27,1
DA:29,1
DA:34,1
DA:39,1
DA:44,1
DA:46,1
DA:48,1
DA:53,1
DA:58,1
DA:62,1
LF:22
LH:22
BRF:0
BRH:0
end_of_record
TN:
SF:src/tests/mocks/budgets.mocks.ts
FNF:0
FNH:0
DA:13,3
LF:1
LH:1
BRF:0
BRH:0
end_of_record
TN:
SF:src/tests/mocks/expenses.ts
FNF:0
FNH:0
DA:1,2
LF:1
LH:1
BRF:0
BRH:0
end_of_record
TN:
SF:src/utils/auth.ts
FN:3,(anonymous_1)
FN:9,(anonymous_2)
FNF:2
FNH:2
FNDA:1,(anonymous_1)
FNDA:5,(anonymous_2)
DA:1,3
DA:3,3
DA:4,1
DA:5,1
DA:9,3
DA:10,5
LF:6
LH:6
BRF:0
BRH:0
end_of_record
TN:
SF:src/utils/index.ts
FNF:0
FNH:0
DA:1,3
DA:2,3
DA:3,3
LF:3
LH:3
BRF:0
BRH:0
end_of_record
TN:
SF:src/utils/jwt.ts
FN:4,(anonymous_1)
FN:12,(anonymous_2)
FNF:2
FNH:2
FNDA:5,(anonymous_1)
FNDA:11,(anonymous_2)
DA:1,3
DA:2,3
DA:4,3
DA:6,5
DA:9,5
DA:12,3
DA:14,11
DA:15,10
LF:8
LH:8
BRF:0
BRH:0
end_of_record
TN:
SF:src/utils/token.ts
FN:2,(anonymous_0)
FNF:1
FNH:1
FNDA:1,(anonymous_0)
DA:2,3
DA:3,1
LF:2
LH:2
BRF:0
BRH:0
end_of_record
